init
enter step
enter step lock
1
2leave step
enter step
enter step lock
2
3leave step
0
False
0 0 2 2 2 0 2 2 0 0 2 2 0 0 -1 
0 -2 -2 -2 2 -2 0 -2 -2 -2 2 -2 2 -2 0 
2 -2 2 2 2 -2 2 0 2 -2 2 -2 2 -2 0 
2 -2 2 -2 2 -2 2 -2 2 -2 -2 -2 2 -2 2 
2 2 0 2 0 2 2 2 0 2 2 -2 2 2 2 
2 -2 -2 -2 2 -2 0 -2 2 -2 0 -2 -2 -2 2 
2 -2 2 0 2 -2 2 2 2 2 2 -2 0 0 0 
0 -2 2 -2 2 -2 0 -2 -2 -2 2 -2 -2 -2 2 
2 2 0 -2 0 -2 0 -2 2 -2 2 2 0 2 2 
2 -2 2 -2 0 -2 2 -2 0 -2 2 -2 0 -2 2 
2 2 2 0 0 0 2 2 2 0 0 -2 0 -2 2 
2 -2 2 -2 2 -2 2 -2 2 -2 -2 -2 2 -2 2 
2 2 2 2 0 2 2 -2 2 2 0 -2 2 2 2 
0 -2 2 -2 0 -2 0 -2 0 -2 -2 -2 2 -2 0 
0 0 0 2 0 2 2 2 2 2 2 2 2 0 1 

0 0 2 2 2 0 2 2 0 0 2 2 0 -1 0 
0 -2 -2 -2 2 -2 0 -2 -2 -2 2 -2 2 -2 0 
2 -2 2 2 2 -2 2 0 2 -2 2 -2 2 -2 0 
2 -2 2 -2 2 -2 2 -2 2 -2 -2 -2 2 -2 2 
2 2 0 2 0 2 2 2 0 2 2 -2 2 2 2 
2 -2 -2 -2 2 -2 0 -2 2 -2 0 -2 -2 -2 2 
2 -2 2 0 2 -2 2 2 2 2 2 -2 0 0 0 
0 -2 2 -2 2 -2 0 -2 -2 -2 2 -2 -2 -2 2 
2 2 0 -2 0 -2 0 -2 2 -2 2 2 0 2 2 
2 -2 2 -2 0 -2 2 -2 0 -2 2 -2 0 -2 2 
2 2 2 0 0 0 2 2 2 0 0 -2 0 -2 2 
2 -2 2 -2 2 -2 2 -2 2 -2 -2 -2 2 -2 2 
2 2 2 2 0 2 2 -2 2 2 0 -2 2 2 2 
0 -2 2 -2 0 -2 0 -2 0 -2 -2 -2 2 -2 0 
0 0 0 2 0 2 2 2 2 2 2 2 2 0 1 

0 0 2 2 2 0 2 2 0 0 2 2 0 -1 0 
0 -2 -2 -2 2 -2 0 -2 -2 -2 2 -2 2 -2 0 
2 -2 2 2 2 -2 2 0 2 -2 2 -2 2 -2 0 
2 -2 2 -2 2 -2 2 -2 2 -2 -2 -2 2 -2 2 
2 2 0 2 0 2 2 2 0 2 2 -2 2 2 2 
2 -2 -2 -2 2 -2 0 -2 2 -2 0 -2 -2 -2 2 
2 -2 2 0 2 -2 2 2 2 2 2 -2 0 0 0 
0 -2 2 -2 2 -2 0 -2 -2 -2 2 -2 -2 -2 2 
2 2 0 -2 0 -2 0 -2 2 -2 2 2 0 2 2 
2 -2 2 -2 0 -2 2 -2 0 -2 2 -2 0 -2 2 
2 2 2 0 0 0 2 2 2 0 0 -2 0 -2 2 
2 -2 2 -2 2 -2 2 -2 2 -2 -2 -2 2 -2 2 
2 2 2 2 0 2 2 -2 2 2 0 -2 2 2 2 
0 -2 2 -2 0 -2 0 -2 0 -2 -2 -2 2 -2 0 
0 0 0 2 0 2 2 2 2 2 2 2 2 0 1 

0 0 2 2 2 0 2 2 0 0 2 2 -1 0 0 
0 -2 -2 -2 2 -2 0 -2 -2 -2 2 -2 2 -2 0 
2 -2 2 2 2 -2 2 0 2 -2 2 -2 2 -2 0 
2 -2 2 -2 2 -2 2 -2 2 -2 -2 -2 2 -2 2 
2 2 0 2 0 2 2 2 0 2 2 -2 2 2 2 
2 -2 -2 -2 2 -2 0 -2 2 -2 0 -2 -2 -2 2 
2 -2 2 0 2 -2 2 2 2 2 2 -2 0 0 0 
0 -2 2 -2 2 -2 0 -2 -2 -2 2 -2 -2 -2 2 
2 2 0 -2 0 -2 0 -2 2 -2 2 2 0 2 2 
2 -2 2 -2 0 -2 2 -2 0 -2 2 -2 0 -2 2 
2 2 2 0 0 0 2 2 2 0 0 -2 0 -2 2 
2 -2 2 -2 2 -2 2 -2 2 -2 -2 -2 2 -2 2 
2 2 2 2 0 2 2 -2 2 2 0 -2 2 2 2 
0 -2 2 -2 0 -2 0 -2 0 -2 -2 -2 2 -2 0 
0 0 0 2 0 2 2 2 2 2 2 2 2 1 0 
